<?xml version="1.0" encoding="UTF-8"?>
<!-- Generated by org.testng.reporters.JUnitReportReporter -->
<testsuite hostname="DESKTOP-LJ74HTI" failures="0" tests="3" name="testscripts.ManageNewsTest" time="18.810" errors="0" timestamp="2025-02-19T21:56:32 IST" skipped="0">
  <testcase classname="testscripts.ManageNewsTest" name="verifyAdminUserCanManageAndEditNews" time="5.252"/>
  <testcase classname="testscripts.ManageNewsTest" name="verifyAdminUserCanDeleteNews" time="9.428"/>
  <testcase classname="testscripts.ManageNewsTest" name="verifyAdminUserCanAddNews" time="4.130"/>
</testsuite> <!-- testscripts.ManageNewsTest -->
