<?xml version="1.0" encoding="UTF-8"?>
<!-- Generated by org.testng.reporters.JUnitReportReporter -->
<testsuite hostname="DESKTOP-LJ74HTI" failures="0" tests="1" name="testscripts.LoginTest" time="5.761" errors="0" timestamp="2025-02-19T21:56:32 IST" skipped="0">
  <testcase classname="testscripts.LoginTest" name="verifyUserLoginWithValidCredentials" time="5.761"/>
</testsuite> <!-- testscripts.LoginTest -->
