<?xml version="1.0" encoding="UTF-8"?>
<!-- Generated by org.testng.reporters.JUnitReportReporter -->
<testsuite hostname="DESKTOP-LJ74HTI" failures="0" tests="1" name="testscripts.ManageNewsTest" time="6.468" errors="0" timestamp="2025-02-26T20:27:07 IST" skipped="0">
  <testcase classname="testscripts.ManageNewsTest" name="verifyAdminUserCanAddNews" time="6.468"/>
</testsuite> <!-- testscripts.ManageNewsTest -->
