<?xml version="1.0" encoding="UTF-8"?>
<!-- Generated by org.testng.reporters.JUnitReportReporter -->
<testsuite hostname="DESKTOP-LJ74HTI" failures="0" tests="1" name="testscripts.AdminUserStatusTest" time="6.867" errors="0" timestamp="2025-02-17T01:35:52 IST" skipped="0">
  <testcase classname="testscripts.AdminUserStatusTest" name="verifyAdminUserCanChangeTheStatus" time="6.867"/>
</testsuite> <!-- testscripts.AdminUserStatusTest -->
