<?xml version="1.0" encoding="UTF-8"?>
<!-- Generated by org.testng.reporters.JUnitReportReporter -->
<testsuite hostname="DESKTOP-LJ74HTI" failures="0" tests="2" name="testscripts.CategoryTest" time="12.498" errors="0" timestamp="2025-02-19T21:56:32 IST" skipped="0">
  <testcase classname="testscripts.CategoryTest" name="verifyUserCanChangeStatus" time="3.491"/>
  <testcase classname="testscripts.CategoryTest" name="verifyUserCanDeleteCategory" time="9.007"/>
</testsuite> <!-- testscripts.CategoryTest -->
