<?xml version="1.0" encoding="UTF-8"?>
<!-- Generated by org.testng.reporters.JUnitReportReporter -->
<testsuite hostname="DESKTOP-LJ74HTI" failures="0" tests="2" name="testscripts.SubCategoryTest" time="15.063" errors="0" timestamp="2025-02-19T12:11:01 IST" skipped="0">
  <testcase classname="testscripts.SubCategoryTest" name="verifyAddNewSubcategorywithValidDetails" time="5.384"/>
  <testcase classname="testscripts.SubCategoryTest" name="verifySubCategoryIsDeleted" time="9.679"/>
</testsuite> <!-- testscripts.SubCategoryTest -->
