<?xml version="1.0" encoding="UTF-8"?>
<!-- Generated by org.testng.reporters.JUnitReportReporter -->
<testsuite hostname="DESKTOP-LJ74HTI" failures="0" tests="2" name="testscripts.CategoryTest" time="15.993" errors="0" timestamp="2025-02-19T11:58:28 IST" skipped="0">
  <testcase classname="testscripts.CategoryTest" name="verifyUserCanDeleteCategory" time="10.677"/>
  <testcase classname="testscripts.CategoryTest" name="verifyUserCanChangeStatus" time="5.316"/>
</testsuite> <!-- testscripts.CategoryTest -->
