<?xml version="1.0" encoding="UTF-8"?>
<!-- Generated by org.testng.reporters.JUnitReportReporter -->
<testsuite hostname="DESKTOP-LJ74HTI" failures="0" tests="2" name="testscripts.LoginTest" time="8.692" errors="0" timestamp="2025-02-26T20:27:07 IST" skipped="1">
  <testcase classname="testscripts.LoginTest" name="verifyUserLoginWithValidCredentials" time="5.377"/>
  <testcase classname="testscripts.LoginTest" name="verifyUserLoginWithValidCredentials" time="3.315">
    <skipped/>
  </testcase> <!-- verifyUserLoginWithValidCredentials -->
</testsuite> <!-- testscripts.LoginTest -->
