<?xml version="1.0" encoding="UTF-8"?>
<!-- Generated by org.testng.reporters.JUnitReportReporter -->
<testsuite hostname="DESKTOP-LJ74HTI" failures="0" tests="1" name="testscripts.AdminUser_ManageProductTest" time="11.385" errors="0" timestamp="2025-02-19T11:58:28 IST" skipped="0">
  <testcase classname="testscripts.AdminUser_ManageProductTest" name="verifyAdminUserCanManageAndDeleteProduct" time="11.385"/>
</testsuite> <!-- testscripts.AdminUser_ManageProductTest -->
