<?xml version="1.0" encoding="UTF-8"?>
<!-- Generated by org.testng.reporters.JUnitReportReporter -->
<testsuite hostname="DESKTOP-LJ74HTI" failures="0" tests="3" name="testscripts.AdminUserTest" time="18.224" errors="0" timestamp="2025-02-19T21:56:32 IST" skipped="0">
  <testcase classname="testscripts.AdminUserTest" name="verifyAdminUserCanDeleteUsers" time="8.816"/>
  <testcase classname="testscripts.AdminUserTest" name="verifyAdminUserCanAddNewUsers" time="5.187"/>
  <testcase classname="testscripts.AdminUserTest" name="verifyAdminUserCanChangeTheStatus" time="4.221"/>
</testsuite> <!-- testscripts.AdminUserTest -->
