<?xml version="1.0" encoding="UTF-8"?>
<!-- Generated by org.testng.reporters.JUnitReportReporter -->
<testsuite hostname="DESKTOP-LJ74HTI" failures="0" tests="1" name="testscripts.ManageContactTest" time="10.729" errors="0" timestamp="2025-02-26T20:32:06 IST" skipped="0">
  <testcase classname="testscripts.ManageContactTest" name="verifyUserIsAbleToEditContactDetails" time="10.729"/>
</testsuite> <!-- testscripts.ManageContactTest -->
