<?xml version="1.0" encoding="UTF-8"?>
<!-- Generated by org.testng.reporters.JUnitReportReporter -->
<testsuite hostname="DESKTOP-LJ74HTI" failures="0" tests="3" name="testscripts.AdminUserTest" time="19.204" errors="0" timestamp="2025-02-19T11:58:28 IST" skipped="0">
  <testcase classname="testscripts.AdminUserTest" name="verifyAdminUserCanAddNewUsers" time="4.898"/>
  <testcase classname="testscripts.AdminUserTest" name="verifyAdminUserCanChangeTheStatus" time="4.473"/>
  <testcase classname="testscripts.AdminUserTest" name="verifyAdminUserCanDeleteUsers" time="9.833"/>
</testsuite> <!-- testscripts.AdminUserTest -->
