<?xml version="1.0" encoding="UTF-8"?>
<!-- Generated by org.testng.reporters.JUnitReportReporter -->
<testsuite hostname="DESKTOP-LJ74HTI" failures="0" tests="1" name="testscripts.ManageFooterTest" time="5.936" errors="0" timestamp="2025-02-19T11:58:28 IST" skipped="0">
  <testcase classname="testscripts.ManageFooterTest" name="verifyUserCanUpdateAdminFooterDetails" time="5.936"/>
</testsuite> <!-- testscripts.ManageFooterTest -->
