<?xml version="1.0" encoding="UTF-8"?>
<!-- Generated by org.testng.reporters.JUnitReportReporter -->
<testsuite hostname="DESKTOP-LJ74HTI" failures="0" tests="2" name="testscripts.ManageContactTest" time="10.315" errors="0" timestamp="2025-02-26T20:27:07 IST" skipped="1">
  <testcase classname="testscripts.ManageContactTest" name="verifyUserIsAbleToEditContactDetails" time="3.342">
    <skipped/>
  </testcase> <!-- verifyUserIsAbleToEditContactDetails -->
  <testcase classname="testscripts.ManageContactTest" name="verifyUserIsAbleToEditContactDetails" time="6.973"/>
</testsuite> <!-- testscripts.ManageContactTest -->
