<?xml version="1.0" encoding="UTF-8"?>
<!-- Generated by org.testng.reporters.JUnitReportReporter -->
<testsuite hostname="DESKTOP-LJ74HTI" failures="0" tests="1" name="testscripts.ManageContactTest" time="13.445" errors="0" timestamp="2025-02-17T15:29:30 IST" skipped="0">
  <testcase classname="testscripts.ManageContactTest" name="verifyUserIsAbleToEditContactDetails" time="13.445"/>
</testsuite> <!-- testscripts.ManageContactTest -->
