<?xml version="1.0" encoding="UTF-8"?>
<!-- Generated by org.testng.reporters.JUnitReportReporter -->
<testsuite hostname="DESKTOP-LJ74HTI" failures="0" tests="2" name="testscripts.SubCategoryTest" time="14.154" errors="0" timestamp="2025-02-19T21:56:32 IST" skipped="0">
  <testcase classname="testscripts.SubCategoryTest" name="verifySubCategoryIsDeleted" time="8.914"/>
  <testcase classname="testscripts.SubCategoryTest" name="verifyAddNewSubcategorywithValidDetails" time="5.240"/>
</testsuite> <!-- testscripts.SubCategoryTest -->
